<?xml version="1.0" encoding="utf-8"?><testsuite errors="0" failures="0" name="pytest" skips="0" tests="6" time="0.119"><testcase classname="test_submit.CalcAngleTests" file="test_submit.py" line="17" name="test_angle_five" time="0.0018961429595947266"></testcase><testcase classname="test_submit.CalcAngleTests" file="test_submit.py" line="14" name="test_angle_four" time="0.0015132427215576172"></testcase><testcase classname="test_submit.CalcAngleTests" file="test_submit.py" line="5" name="test_angle_one" time="0.0013854503631591797"></testcase><testcase classname="test_submit.CalcAngleTests" file="test_submit.py" line="20" name="test_angle_six" time="0.002117633819580078"></testcase><testcase classname="test_submit.CalcAngleTests" file="test_submit.py" line="11" name="test_angle_three" time="0.0020453929901123047"></testcase><testcase classname="test_submit.CalcAngleTests" file="test_submit.py" line="8" name="test_angle_two" time="0.0016679763793945312"></testcase></testsuite>